<?xml version="1.0" encoding="UTF-8"?>
<!-- Generated by org.testng.reporters.JUnitReportReporter -->
<testsuite hostname="DESKTOP-CM3EHTM" failures="0" tests="1" name="testngvalidationprogram.navigate_demo" time="9.349" errors="0" timestamp="2024-12-29T19:12:48 IST" skipped="0">
  <testcase classname="testngvalidationprogram.navigate_demo" name="navigatedemo" time="9.349"/>
  <system-out/>
</testsuite> <!-- testngvalidationprogram.navigate_demo -->
