<?xml version="1.0" encoding="UTF-8"?>
<!-- Generated by org.testng.reporters.JUnitReportReporter -->
<testsuite hostname="DESKTOP-CM3EHTM" failures="0" tests="1" name="testngvalidationprogram.ActionProgram" time="10.916" errors="0" timestamp="2024-12-29T18:59:45 IST" skipped="0">
  <testcase classname="testngvalidationprogram.ActionProgram" name="actionprogram" time="10.916"/>
  <system-out/>
</testsuite> <!-- testngvalidationprogram.ActionProgram -->
