<?xml version="1.0" encoding="UTF-8"?>
<!-- Generated by org.testng.reporters.JUnitReportReporter -->
<testsuite hostname="DESKTOP-CM3EHTM" failures="0" tests="4" name="testngvalidationprogram.dataprovider_demo" time="27.264" errors="0" timestamp="2024-12-30T16:22:48 IST" skipped="0">
  <testcase classname="testngvalidationprogram.dataprovider_demo" name="testvalidation" time="7.229"/>
  <system-out/>
  <testcase classname="testngvalidationprogram.dataprovider_demo" name="testvalidation" time="8.847"/>
  <system-out/>
  <testcase classname="testngvalidationprogram.dataprovider_demo" name="testvalidation" time="4.820"/>
  <system-out/>
  <testcase classname="testngvalidationprogram.dataprovider_demo" name="testvalidation" time="6.368"/>
  <system-out/>
</testsuite> <!-- testngvalidationprogram.dataprovider_demo -->
