<?xml version="1.0" encoding="UTF-8"?>
<!-- Generated by org.testng.reporters.JUnitReportReporter -->
<testsuite hostname="DESKTOP-CM3EHTM" failures="0" tests="1" name="testngvalidationprogram.Deletbutton_demo" time="3.549" errors="0" timestamp="2024-12-29T18:35:10 IST" skipped="0">
  <testcase classname="testngvalidationprogram.Deletbutton_demo" name="deletebutttondemo" time="3.549"/>
  <system-out/>
</testsuite> <!-- testngvalidationprogram.Deletbutton_demo -->
